<?xml version="1.0" encoding="UTF-8"?>
<!-- Generated by org.testng.reporters.JUnitReportReporter -->
<testsuite hostname="LAPTOP-IGT4D1RQ" failures="0" tests="6" name="com.main.Main" time="128.326" errors="0" timestamp="2024-06-02T17:52:59 IST" skipped="0">
  <testcase classname="com.main.Main" name="scenario1" time="19.920"/>
  <testcase classname="com.main.Main" name="scenario2" time="19.151"/>
  <testcase classname="com.main.Main" name="scenario3" time="13.710"/>
  <testcase classname="com.main.Main" name="scenario2" time="37.756"/>
  <testcase classname="com.main.Main" name="scenario3" time="23.996"/>
  <testcase classname="com.main.Main" name="scenario1" time="13.793"/>
</testsuite> <!-- com.main.Main -->
